{"/Users/xingjiabin/Desktop/DreamLovely/src/blog-pc/actions/Tags/index.ts": {"path":"/Users/xingjiabin/Desktop/DreamLovely/src/blog-pc/actions/Tags/index.ts","statementMap":{"0":{"start":{"line":1,"column":0},"end":{"line":1,"column":49}},"1":{"start":{"line":2,"column":0},"end":{"line":2,"column":45}},"2":{"start":{"line":4,"column":13},"end":{"line":4,"column":78}},"3":{"start":{"line":7,"column":13},"end":{"line":7,"column":100}},"4":{"start":{"line":7,"column":92},"end":{"line":7,"column":99}},"5":{"start":{"line":9,"column":13},"end":{"line":9,"column":106}},"6":{"start":{"line":9,"column":89},"end":{"line":9,"column":105}},"7":{"start":{"line":11,"column":13},"end":{"line":11,"column":133}},"8":{"start":{"line":11,"column":112},"end":{"line":11,"column":132}}},"fnMap":{"0":{"name":"(anonymous_1)","decl":{"start":{"line":7,"column":78},"end":{"line":7,"column":79}},"loc":{"start":{"line":7,"column":87},"end":{"line":7,"column":93}}},"1":{"name":"(anonymous_2)","decl":{"start":{"line":9,"column":75},"end":{"line":9,"column":76}},"loc":{"start":{"line":9,"column":84},"end":{"line":9,"column":90}}},"2":{"name":"(anonymous_3)","decl":{"start":{"line":11,"column":75},"end":{"line":11,"column":76}},"loc":{"start":{"line":11,"column":106},"end":{"line":11,"column":113}}}},"branchMap":{"0":{"loc":{"start":{"line":11,"column":122},"end":{"line":11,"column":126}},"type":"cond-expr","locations":[{"start":{"line":11,"column":122},"end":{"line":11,"column":126}},{"start":{"line":11,"column":128},"end":{"line":11,"column":130}}]}},"s":{"0":0,"1":0,"2":0,"3":0,"4":0,"5":0,"6":0,"7":0,"8":0},"f":{"0":0,"1":0,"2":0},"b":{"0":[0,0]}}
,"/Users/xingjiabin/Desktop/DreamLovely/src/blog-pc/actions/Tags/type.ts": {"path":"/Users/xingjiabin/Desktop/DreamLovely/src/blog-pc/actions/Tags/type.ts","statementMap":{"0":{"start":{"line":1,"column":0},"end":{"line":1,"column":null}},"1":{"start":{"line":2,"column":2},"end":{"line":2,"column":null}},"2":{"start":{"line":3,"column":2},"end":{"line":3,"column":null}},"3":{"start":{"line":4,"column":2},"end":{"line":4,"column":null}},"4":{"start":{"line":5,"column":2},"end":{"line":5,"column":null}},"5":{"start":{"line":8,"column":0},"end":{"line":8,"column":31}}},"fnMap":{"0":{"name":"(anonymous_0)","decl":{"start":{"line":1,"column":0},"end":{"line":1,"column":5}},"loc":{"start":{"line":1,"column":20},"end":{"line":6,"column":1}}}},"branchMap":{"0":{"loc":{"start":{"line":1,"column":5},"end":{"line":1,"column":20}},"type":"binary-expr","locations":[{"start":{"line":1,"column":5},"end":{"line":1,"column":20}},{"start":{"line":1,"column":5},"end":{"line":1,"column":null}}]}},"s":{"0":0,"1":0,"2":0,"3":0,"4":0,"5":0},"f":{"0":0},"b":{"0":[0,0]}}
,"/Users/xingjiabin/Desktop/DreamLovely/src/blog-pc/containers/Home/helper.ts": {"path":"/Users/xingjiabin/Desktop/DreamLovely/src/blog-pc/containers/Home/helper.ts","statementMap":{"0":{"start":{"line":1,"column":0},"end":{"line":1,"column":37}},"1":{"start":{"line":3,"column":13},"end":{"line":11,"column":null}},"2":{"start":{"line":4,"column":14},"end":{"line":4,"column":41}},"3":{"start":{"line":5,"column":2},"end":{"line":7,"column":null}},"4":{"start":{"line":6,"column":4},"end":{"line":6,"column":22}},"5":{"start":{"line":8,"column":2},"end":{"line":8,"column":10}},"6":{"start":{"line":9,"column":18},"end":{"line":9,"column":65}},"7":{"start":{"line":10,"column":2},"end":{"line":10,"column":96}},"8":{"start":{"line":13,"column":16},"end":{"line":15,"column":null}},"9":{"start":{"line":13,"column":51},"end":{"line":13,"column":84}},"10":{"start":{"line":13,"column":84},"end":{"line":13,"column":null}},"11":{"start":{"line":14,"column":4},"end":{"line":14,"column":82}},"12":{"start":{"line":17,"column":13},"end":{"line":38,"column":2}},"13":{"start":{"line":19,"column":4},"end":{"line":19,"column":9}},"14":{"start":{"line":20,"column":12},"end":{"line":20,"column":21}},"15":{"start":{"line":22,"column":12},"end":{"line":22,"column":14}},"16":{"start":{"line":24,"column":2},"end":{"line":36,"column":null}},"17":{"start":{"line":26,"column":6},"end":{"line":26,"column":61}},"18":{"start":{"line":27,"column":6},"end":{"line":27,"column":12}},"19":{"start":{"line":29,"column":6},"end":{"line":29,"column":20}},"20":{"start":{"line":30,"column":6},"end":{"line":30,"column":12}},"21":{"start":{"line":32,"column":6},"end":{"line":32,"column":61}},"22":{"start":{"line":33,"column":6},"end":{"line":33,"column":12}},"23":{"start":{"line":35,"column":6},"end":{"line":35,"column":18}},"24":{"start":{"line":37,"column":2},"end":{"line":37,"column":13}},"25":{"start":{"line":39,"column":13},"end":{"line":44,"column":2}},"26":{"start":{"line":41,"column":4},"end":{"line":41,"column":9}},"27":{"start":{"line":43,"column":2},"end":{"line":43,"column":null}},"28":{"start":{"line":46,"column":13},"end":{"line":51,"column":2}},"29":{"start":{"line":47,"column":10},"end":{"line":47,"column":15}},"30":{"start":{"line":48,"column":12},"end":{"line":48,"column":14}},"31":{"start":{"line":49,"column":2},"end":{"line":49,"column":46}},"32":{"start":{"line":50,"column":2},"end":{"line":50,"column":13}},"33":{"start":{"line":53,"column":13},"end":{"line":55,"column":2}},"34":{"start":{"line":53,"column":51},"end":{"line":53,"column":null}},"35":{"start":{"line":54,"column":2},"end":{"line":54,"column":37}},"36":{"start":{"line":56,"column":13},"end":{"line":59,"column":2}},"37":{"start":{"line":56,"column":28},"end":{"line":56,"column":38}},"38":{"start":{"line":57,"column":1},"end":{"line":57,"column":null}},"39":{"start":{"line":58,"column":2},"end":{"line":58,"column":58}},"40":{"start":{"line":61,"column":13},"end":{"line":66,"column":2}},"41":{"start":{"line":62,"column":10},"end":{"line":62,"column":15}},"42":{"start":{"line":63,"column":12},"end":{"line":63,"column":14}},"43":{"start":{"line":64,"column":2},"end":{"line":64,"column":64}},"44":{"start":{"line":65,"column":2},"end":{"line":65,"column":13}},"45":{"start":{"line":68,"column":45},"end":{"line":72,"column":2}},"46":{"start":{"line":74,"column":13},"end":{"line":77,"column":2}},"47":{"start":{"line":75,"column":2},"end":{"line":75,"column":53}},"48":{"start":{"line":76,"column":2},"end":{"line":76,"column":47}},"49":{"start":{"line":79,"column":13},"end":{"line":84,"column":2}},"50":{"start":{"line":83,"column":2},"end":{"line":83,"column":68}},"51":{"start":{"line":83,"column":23},"end":{"line":83,"column":26}},"52":{"start":{"line":83,"column":33},"end":{"line":83,"column":67}},"53":{"start":{"line":86,"column":13},"end":{"line":105,"column":2}},"54":{"start":{"line":91,"column":10},"end":{"line":91,"column":16}},"55":{"start":{"line":91,"column":18},"end":{"line":91,"column":27}},"56":{"start":{"line":91,"column":29},"end":{"line":91,"column":35}},"57":{"start":{"line":92,"column":17},"end":{"line":92,"column":51}},"58":{"start":{"line":93,"column":24},"end":{"line":93,"column":81}},"59":{"start":{"line":94,"column":2},"end":{"line":103,"column":null}},"60":{"start":{"line":96,"column":6},"end":{"line":96,"column":135}},"61":{"start":{"line":98,"column":6},"end":{"line":98,"column":95}},"62":{"start":{"line":100,"column":6},"end":{"line":100,"column":42}},"63":{"start":{"line":102,"column":4},"end":{"line":102,"column":10}},"64":{"start":{"line":104,"column":2},"end":{"line":104,"column":12}}},"fnMap":{"0":{"name":"(anonymous_1)","decl":{"start":{"line":3,"column":26},"end":{"line":3,"column":27}},"loc":{"start":{"line":3,"column":44},"end":{"line":11,"column":4}}},"1":{"name":"(anonymous_2)","decl":{"start":{"line":13,"column":38},"end":{"line":13,"column":39}},"loc":{"start":{"line":13,"column":101},"end":{"line":15,"column":6}}},"2":{"name":"(anonymous_3)","decl":{"start":{"line":17,"column":31},"end":{"line":17,"column":32}},"loc":{"start":{"line":17,"column":43},"end":{"line":38,"column":1}}},"3":{"name":"(anonymous_4)","decl":{"start":{"line":39,"column":31},"end":{"line":39,"column":32}},"loc":{"start":{"line":39,"column":43},"end":{"line":44,"column":1}}},"4":{"name":"(anonymous_5)","decl":{"start":{"line":46,"column":31},"end":{"line":46,"column":32}},"loc":{"start":{"line":46,"column":43},"end":{"line":51,"column":1}}},"5":{"name":"(anonymous_6)","decl":{"start":{"line":53,"column":36},"end":{"line":53,"column":37}},"loc":{"start":{"line":53,"column":92},"end":{"line":55,"column":1}}},"6":{"name":"(anonymous_7)","decl":{"start":{"line":56,"column":26},"end":{"line":56,"column":27}},"loc":{"start":{"line":56,"column":43},"end":{"line":59,"column":1}}},"7":{"name":"(anonymous_8)","decl":{"start":{"line":61,"column":33},"end":{"line":61,"column":34}},"loc":{"start":{"line":61,"column":45},"end":{"line":66,"column":1}}},"8":{"name":"(anonymous_9)","decl":{"start":{"line":74,"column":32},"end":{"line":74,"column":33}},"loc":{"start":{"line":74,"column":63},"end":{"line":77,"column":1}}},"9":{"name":"(anonymous_10)","decl":{"start":{"line":79,"column":30},"end":{"line":79,"column":null}},"loc":{"start":{"line":81,"column":21},"end":{"line":84,"column":1}}},"10":{"name":"(anonymous_11)","decl":{"start":{"line":83,"column":20},"end":{"line":83,"column":21}},"loc":{"start":{"line":83,"column":28},"end":{"line":83,"column":36}}},"11":{"name":"(anonymous_12)","decl":{"start":{"line":86,"column":34},"end":{"line":86,"column":null}},"loc":{"start":{"line":89,"column":25},"end":{"line":105,"column":1}}}},"branchMap":{"0":{"loc":{"start":{"line":5,"column":2},"end":{"line":7,"column":null}},"type":"if","locations":[{"start":{"line":5,"column":2},"end":{"line":7,"column":null}},{"start":{"line":5,"column":2},"end":{"line":7,"column":null}}]},"1":{"loc":{"start":{"line":13,"column":51},"end":{"line":13,"column":84}},"type":"if","locations":[{"start":{"line":13,"column":51},"end":{"line":13,"column":84}},{"start":{"line":13,"column":51},"end":{"line":13,"column":84}}]},"2":{"loc":{"start":{"line":13,"column":84},"end":{"line":13,"column":null}},"type":"if","locations":[{"start":{"line":13,"column":84},"end":{"line":13,"column":null}},{"start":{"line":13,"column":84},"end":{"line":13,"column":null}}]},"3":{"loc":{"start":{"line":25,"column":4},"end":{"line":27,"column":12}},"type":"switch","locations":[{"start":{"line":25,"column":4},"end":{"line":27,"column":12}},{"start":{"line":28,"column":4},"end":{"line":30,"column":12}},{"start":{"line":31,"column":4},"end":{"line":33,"column":12}},{"start":{"line":34,"column":4},"end":{"line":35,"column":18}}]},"4":{"loc":{"start":{"line":26,"column":32},"end":{"line":26,"column":49}},"type":"cond-expr","locations":[{"start":{"line":26,"column":32},"end":{"line":26,"column":49}},{"start":{"line":26,"column":52},"end":{"line":26,"column":60}}]},"5":{"loc":{"start":{"line":32,"column":32},"end":{"line":32,"column":49}},"type":"cond-expr","locations":[{"start":{"line":32,"column":32},"end":{"line":32,"column":49}},{"start":{"line":32,"column":52},"end":{"line":32,"column":60}}]},"6":{"loc":{"start":{"line":43,"column":18},"end":{"line":43,"column":23}},"type":"cond-expr","locations":[{"start":{"line":43,"column":18},"end":{"line":43,"column":23}},{"start":{"line":43,"column":26},"end":{"line":43,"column":31}}]},"7":{"loc":{"start":{"line":49,"column":24},"end":{"line":49,"column":34}},"type":"cond-expr","locations":[{"start":{"line":49,"column":24},"end":{"line":49,"column":34}},{"start":{"line":49,"column":37},"end":{"line":49,"column":45}}]},"8":{"loc":{"start":{"line":53,"column":51},"end":{"line":53,"column":null}},"type":"if","locations":[{"start":{"line":53,"column":51},"end":{"line":53,"column":null}},{"start":{"line":53,"column":51},"end":{"line":53,"column":null}}]},"9":{"loc":{"start":{"line":58,"column":17},"end":{"line":58,"column":48}},"type":"cond-expr","locations":[{"start":{"line":58,"column":17},"end":{"line":58,"column":48}},{"start":{"line":58,"column":51},"end":{"line":58,"column":57}}]},"10":{"loc":{"start":{"line":64,"column":22},"end":{"line":64,"column":28}},"type":"cond-expr","locations":[{"start":{"line":64,"column":22},"end":{"line":64,"column":28}},{"start":{"line":64,"column":31},"end":{"line":64,"column":63}}]},"11":{"loc":{"start":{"line":92,"column":34},"end":{"line":92,"column":42}},"type":"cond-expr","locations":[{"start":{"line":92,"column":34},"end":{"line":92,"column":42}},{"start":{"line":92,"column":45},"end":{"line":92,"column":51}}]},"12":{"loc":{"start":{"line":93,"column":64},"end":{"line":93,"column":76}},"type":"cond-expr","locations":[{"start":{"line":93,"column":64},"end":{"line":93,"column":76}},{"start":{"line":93,"column":79},"end":{"line":93,"column":81}}]},"13":{"loc":{"start":{"line":93,"column":24},"end":{"line":93,"column":38}},"type":"binary-expr","locations":[{"start":{"line":93,"column":24},"end":{"line":93,"column":38}},{"start":{"line":93,"column":43},"end":{"line":93,"column":60}}]},"14":{"loc":{"start":{"line":95,"column":4},"end":{"line":96,"column":135}},"type":"switch","locations":[{"start":{"line":95,"column":4},"end":{"line":96,"column":135}},{"start":{"line":97,"column":4},"end":{"line":98,"column":95}},{"start":{"line":99,"column":4},"end":{"line":100,"column":42}},{"start":{"line":101,"column":4},"end":{"line":102,"column":10}}]}},"s":{"0":0,"1":0,"2":0,"3":0,"4":0,"5":0,"6":0,"7":0,"8":0,"9":0,"10":0,"11":0,"12":0,"13":0,"14":0,"15":0,"16":0,"17":0,"18":0,"19":0,"20":0,"21":0,"22":0,"23":0,"24":0,"25":0,"26":0,"27":0,"28":0,"29":0,"30":0,"31":0,"32":0,"33":0,"34":0,"35":0,"36":0,"37":0,"38":0,"39":0,"40":0,"41":0,"42":0,"43":0,"44":0,"45":0,"46":0,"47":0,"48":0,"49":0,"50":0,"51":0,"52":0,"53":0,"54":0,"55":0,"56":0,"57":0,"58":0,"59":0,"60":0,"61":0,"62":0,"63":0,"64":0},"f":{"0":0,"1":0,"2":0,"3":0,"4":0,"5":0,"6":0,"7":0,"8":0,"9":0,"10":0,"11":0},"b":{"0":[0,0],"1":[0,0],"2":[0,0],"3":[0,0,0,0],"4":[0,0],"5":[0,0],"6":[0,0],"7":[0,0],"8":[0,0],"9":[0,0],"10":[0,0],"11":[0,0],"12":[0,0],"13":[0,0],"14":[0,0,0,0]}}
,"/Users/xingjiabin/Desktop/DreamLovely/src/blog-pc/epics/index.ts": {"path":"/Users/xingjiabin/Desktop/DreamLovely/src/blog-pc/epics/index.ts","statementMap":{"0":{"start":{"line":1,"column":0},"end":{"line":1,"column":38}},"1":{"start":{"line":2,"column":0},"end":{"line":2,"column":51}},"2":{"start":{"line":3,"column":0},"end":{"line":3,"column":102}},"3":{"start":{"line":4,"column":0},"end":{"line":4,"column":51}},"4":{"start":{"line":5,"column":0},"end":{"line":5,"column":35}},"5":{"start":{"line":6,"column":0},"end":{"line":6,"column":48}},"6":{"start":{"line":7,"column":0},"end":{"line":14,"column":null}}},"fnMap":{},"branchMap":{},"s":{"0":0,"1":0,"2":0,"3":0,"4":0,"5":0,"6":0},"f":{},"b":{}}
,"/Users/xingjiabin/Desktop/DreamLovely/src/blog-pc/epics/AssetClass/index.ts": {"path":"/Users/xingjiabin/Desktop/DreamLovely/src/blog-pc/epics/AssetClass/index.ts","statementMap":{"0":{"start":{"line":1,"column":0},"end":{"line":1,"column":109}},"1":{"start":{"line":2,"column":0},"end":{"line":2,"column":61}},"2":{"start":{"line":3,"column":0},"end":{"line":3,"column":42}},"3":{"start":{"line":4,"column":0},"end":{"line":4,"column":48}},"4":{"start":{"line":5,"column":0},"end":{"line":5,"column":87}},"5":{"start":{"line":6,"column":0},"end":{"line":6,"column":28}},"6":{"start":{"line":7,"column":13},"end":{"line":18,"column":2}},"7":{"start":{"line":8,"column":2},"end":{"line":17,"column":4}},"8":{"start":{"line":11,"column":6},"end":{"line":15,"column":null}},"9":{"start":{"line":12,"column":14},"end":{"line":12,"column":22}},"10":{"start":{"line":13,"column":10},"end":{"line":13,"column":51}},"11":{"start":{"line":20,"column":13},"end":{"line":31,"column":2}},"12":{"start":{"line":21,"column":2},"end":{"line":30,"column":4}},"13":{"start":{"line":24,"column":6},"end":{"line":28,"column":null}},"14":{"start":{"line":25,"column":14},"end":{"line":25,"column":22}},"15":{"start":{"line":26,"column":10},"end":{"line":26,"column":49}},"16":{"start":{"line":33,"column":13},"end":{"line":44,"column":2}},"17":{"start":{"line":34,"column":2},"end":{"line":43,"column":4}},"18":{"start":{"line":37,"column":6},"end":{"line":41,"column":null}},"19":{"start":{"line":38,"column":14},"end":{"line":38,"column":22}},"20":{"start":{"line":39,"column":10},"end":{"line":39,"column":51}},"21":{"start":{"line":46,"column":0},"end":{"line":46,"column":36}}},"fnMap":{"0":{"name":"(anonymous_1)","decl":{"start":{"line":7,"column":36},"end":{"line":7,"column":37}},"loc":{"start":{"line":7,"column":49},"end":{"line":18,"column":1}}},"1":{"name":"(anonymous_2)","decl":{"start":{"line":10,"column":14},"end":{"line":10,"column":null}},"loc":{"start":{"line":10,"column":14},"end":{"line":11,"column":10}}},"2":{"name":"(anonymous_3)","decl":{"start":{"line":12,"column":12},"end":{"line":12,"column":13}},"loc":{"start":{"line":12,"column":23},"end":{"line":14,"column":9}}},"3":{"name":"(anonymous_4)","decl":{"start":{"line":20,"column":34},"end":{"line":20,"column":35}},"loc":{"start":{"line":20,"column":47},"end":{"line":31,"column":1}}},"4":{"name":"(anonymous_5)","decl":{"start":{"line":23,"column":14},"end":{"line":23,"column":null}},"loc":{"start":{"line":23,"column":14},"end":{"line":24,"column":10}}},"5":{"name":"(anonymous_6)","decl":{"start":{"line":25,"column":12},"end":{"line":25,"column":13}},"loc":{"start":{"line":25,"column":23},"end":{"line":27,"column":9}}},"6":{"name":"(anonymous_7)","decl":{"start":{"line":33,"column":39},"end":{"line":33,"column":40}},"loc":{"start":{"line":33,"column":52},"end":{"line":44,"column":1}}},"7":{"name":"(anonymous_8)","decl":{"start":{"line":36,"column":14},"end":{"line":36,"column":null}},"loc":{"start":{"line":36,"column":14},"end":{"line":37,"column":10}}},"8":{"name":"(anonymous_9)","decl":{"start":{"line":38,"column":12},"end":{"line":38,"column":13}},"loc":{"start":{"line":38,"column":23},"end":{"line":40,"column":9}}}},"branchMap":{},"s":{"0":0,"1":0,"2":0,"3":0,"4":0,"5":0,"6":0,"7":0,"8":0,"9":0,"10":0,"11":0,"12":0,"13":0,"14":0,"15":0,"16":0,"17":0,"18":0,"19":0,"20":0,"21":0},"f":{"0":0,"1":0,"2":0,"3":0,"4":0,"5":0,"6":0,"7":0,"8":0},"b":{}}
,"/Users/xingjiabin/Desktop/DreamLovely/src/blog-pc/networks/base.ts": {"path":"/Users/xingjiabin/Desktop/DreamLovely/src/blog-pc/networks/base.ts","statementMap":{"0":{"start":{"line":2,"column":0},"end":{"line":2,"column":47}},"1":{"start":{"line":12,"column":2},"end":{"line":12,"column":68}},"2":{"start":{"line":14,"column":21},"end":{"line":31,"column":1}},"3":{"start":{"line":15,"column":2},"end":{"line":15,"column":5}},"4":{"start":{"line":16,"column":2},"end":{"line":16,"column":16}},"5":{"start":{"line":17,"column":2},"end":{"line":17,"column":9}},"6":{"start":{"line":18,"column":2},"end":{"line":18,"column":6}},"7":{"start":{"line":19,"column":2},"end":{"line":19,"column":23}},"8":{"start":{"line":21,"column":2},"end":{"line":30,"column":5}},"9":{"start":{"line":33,"column":13},"end":{"line":47,"column":2}},"10":{"start":{"line":34,"column":2},"end":{"line":34,"column":5}},"11":{"start":{"line":35,"column":2},"end":{"line":35,"column":9}},"12":{"start":{"line":36,"column":2},"end":{"line":36,"column":6}},"13":{"start":{"line":38,"column":2},"end":{"line":46,"column":5}},"14":{"start":{"line":49,"column":13},"end":{"line":66,"column":2}},"15":{"start":{"line":50,"column":2},"end":{"line":50,"column":5}},"16":{"start":{"line":51,"column":2},"end":{"line":51,"column":9}},"17":{"start":{"line":52,"column":2},"end":{"line":52,"column":6}},"18":{"start":{"line":53,"column":2},"end":{"line":53,"column":11}},"19":{"start":{"line":56,"column":2},"end":{"line":65,"column":5}},"20":{"start":{"line":68,"column":13},"end":{"line":79,"column":2}},"21":{"start":{"line":69,"column":2},"end":{"line":69,"column":5}},"22":{"start":{"line":70,"column":2},"end":{"line":70,"column":9}},"23":{"start":{"line":71,"column":2},"end":{"line":71,"column":6}},"24":{"start":{"line":73,"column":2},"end":{"line":78,"column":5}},"25":{"start":{"line":81,"column":13},"end":{"line":86,"column":2}},"26":{"start":{"line":82,"column":2},"end":{"line":82,"column":5}},"27":{"start":{"line":83,"column":2},"end":{"line":83,"column":9}},"28":{"start":{"line":85,"column":2},"end":{"line":85,"column":40}},"29":{"start":{"line":88,"column":0},"end":{"line":88,"column":28}}},"fnMap":{"0":{"name":"(anonymous_3)","decl":{"start":{"line":14,"column":21},"end":{"line":14,"column":22}},"loc":{"start":{"line":20,"column":16},"end":{"line":31,"column":1}}},"1":{"name":"(anonymous_4)","decl":{"start":{"line":33,"column":24},"end":{"line":33,"column":25}},"loc":{"start":{"line":37,"column":16},"end":{"line":47,"column":1}}},"2":{"name":"(anonymous_5)","decl":{"start":{"line":49,"column":24},"end":{"line":49,"column":25}},"loc":{"start":{"line":54,"column":16},"end":{"line":66,"column":1}}},"3":{"name":"(anonymous_6)","decl":{"start":{"line":68,"column":28},"end":{"line":68,"column":29}},"loc":{"start":{"line":72,"column":16},"end":{"line":79,"column":1}}},"4":{"name":"(anonymous_7)","decl":{"start":{"line":81,"column":23},"end":{"line":81,"column":24}},"loc":{"start":{"line":84,"column":16},"end":{"line":86,"column":1}}}},"branchMap":{"0":{"loc":{"start":{"line":16,"column":2},"end":{"line":16,"column":16}},"type":"cond-expr","locations":[{"start":{"line":16,"column":2},"end":{"line":16,"column":16}},{"start":{"line":16,"column":2},"end":{"line":16,"column":16}}]},"1":{"loc":{"start":{"line":19,"column":2},"end":{"line":19,"column":23}},"type":"cond-expr","locations":[{"start":{"line":19,"column":2},"end":{"line":19,"column":23}},{"start":{"line":19,"column":2},"end":{"line":19,"column":23}}]}},"s":{"0":0,"1":0,"2":0,"3":0,"4":0,"5":0,"6":0,"7":0,"8":0,"9":0,"10":0,"11":0,"12":0,"13":0,"14":0,"15":0,"16":0,"17":0,"18":0,"19":0,"20":0,"21":0,"22":0,"23":0,"24":0,"25":0,"26":0,"27":0,"28":0,"29":0},"f":{"0":0,"1":0,"2":0,"3":0,"4":0},"b":{"0":[0,0],"1":[0,0]}}
,"/Users/xingjiabin/Desktop/DreamLovely/src/blog-pc/networks/assetClass/index.ts": {"path":"/Users/xingjiabin/Desktop/DreamLovely/src/blog-pc/networks/assetClass/index.ts","statementMap":{"0":{"start":{"line":1,"column":0},"end":{"line":1,"column":null}},"1":{"start":{"line":10,"column":26},"end":{"line":10,"column":70}},"2":{"start":{"line":11,"column":21},"end":{"line":11,"column":60}},"3":{"start":{"line":12,"column":13},"end":{"line":14,"column":2}},"4":{"start":{"line":13,"column":2},"end":{"line":13,"column":63}},"5":{"start":{"line":16,"column":13},"end":{"line":18,"column":2}},"6":{"start":{"line":17,"column":2},"end":{"line":17,"column":54}},"7":{"start":{"line":20,"column":13},"end":{"line":22,"column":2}},"8":{"start":{"line":21,"column":2},"end":{"line":21,"column":62}},"9":{"start":{"line":24,"column":13},"end":{"line":26,"column":2}},"10":{"start":{"line":25,"column":2},"end":{"line":25,"column":55}}},"fnMap":{"0":{"name":"(anonymous_0)","decl":{"start":{"line":12,"column":29},"end":{"line":12,"column":null}},"loc":{"start":{"line":12,"column":29},"end":{"line":14,"column":1}}},"1":{"name":"(anonymous_1)","decl":{"start":{"line":16,"column":28},"end":{"line":16,"column":null}},"loc":{"start":{"line":16,"column":28},"end":{"line":18,"column":1}}},"2":{"name":"(anonymous_2)","decl":{"start":{"line":20,"column":30},"end":{"line":20,"column":null}},"loc":{"start":{"line":20,"column":30},"end":{"line":22,"column":1}}},"3":{"name":"(anonymous_3)","decl":{"start":{"line":24,"column":34},"end":{"line":24,"column":null}},"loc":{"start":{"line":24,"column":34},"end":{"line":26,"column":1}}}},"branchMap":{},"s":{"0":0,"1":0,"2":0,"3":0,"4":0,"5":0,"6":0,"7":0,"8":0,"9":0,"10":0},"f":{"0":0,"1":0,"2":0,"3":0},"b":{}}
,"/Users/xingjiabin/Desktop/DreamLovely/src/blog-pc/reducers/index.ts": {"path":"/Users/xingjiabin/Desktop/DreamLovely/src/blog-pc/reducers/index.ts","statementMap":{"0":{"start":{"line":1,"column":0},"end":{"line":1,"column":38}},"1":{"start":{"line":2,"column":21},"end":{"line":6,"column":null}},"2":{"start":{"line":7,"column":22},"end":{"line":16,"column":1}},"3":{"start":{"line":7,"column":32},"end":{"line":7,"column":52}},"4":{"start":{"line":8,"column":2},"end":{"line":15,"column":null}},"5":{"start":{"line":14,"column":4},"end":{"line":14,"column":17}},"6":{"start":{"line":18,"column":0},"end":{"line":20,"column":3}},"7":{"start":{"line":18,"column":21},"end":{"line":20,"column":3}}},"fnMap":{"0":{"name":"(anonymous_0)","decl":{"start":{"line":7,"column":22},"end":{"line":7,"column":32}},"loc":{"start":{"line":7,"column":63},"end":{"line":16,"column":1}}},"1":{"name":"(anonymous_1)","decl":{"start":{"line":18,"column":15},"end":{"line":18,"column":21}},"loc":{"start":{"line":18,"column":15},"end":{"line":18,"column":36}}}},"branchMap":{"0":{"loc":{"start":{"line":7,"column":32},"end":{"line":7,"column":52}},"type":"if","locations":[{"start":{"line":7,"column":32},"end":{"line":7,"column":52}},{"start":{"line":7,"column":32},"end":{"line":7,"column":52}}]},"1":{"loc":{"start":{"line":13,"column":4},"end":{"line":14,"column":17}},"type":"switch","locations":[{"start":{"line":13,"column":4},"end":{"line":14,"column":17}}]}},"s":{"0":0,"1":0,"2":0,"3":0,"4":0,"5":0,"6":0,"7":0},"f":{"0":0,"1":0},"b":{"0":[0,0],"1":[0]}}
,"/Users/xingjiabin/Desktop/DreamLovely/src/blog-pc/reducers/AssetClass/index.ts": {"path":"/Users/xingjiabin/Desktop/DreamLovely/src/blog-pc/reducers/AssetClass/index.ts","statementMap":{"0":{"start":{"line":2,"column":0},"end":{"line":2,"column":61}},"1":{"start":{"line":3,"column":0},"end":{"line":3,"column":46}},"2":{"start":{"line":4,"column":21},"end":{"line":8,"column":2}},"3":{"start":{"line":11,"column":26},"end":{"line":36,"column":null}},"4":{"start":{"line":14,"column":6},"end":{"line":14,"column":26}},"5":{"start":{"line":17,"column":6},"end":{"line":17,"column":null}},"6":{"start":{"line":18,"column":6},"end":{"line":18,"column":52}},"7":{"start":{"line":21,"column":6},"end":{"line":21,"column":26}},"8":{"start":{"line":24,"column":6},"end":{"line":24,"column":null}},"9":{"start":{"line":25,"column":6},"end":{"line":25,"column":52}},"10":{"start":{"line":28,"column":6},"end":{"line":28,"column":null}},"11":{"start":{"line":29,"column":6},"end":{"line":29,"column":54}},"12":{"start":{"line":33,"column":6},"end":{"line":33,"column":25}},"13":{"start":{"line":38,"column":0},"end":{"line":38,"column":33}}},"fnMap":{"0":{"name":"(anonymous_3)","decl":{"start":{"line":13,"column":55},"end":{"line":13,"column":56}},"loc":{"start":{"line":13,"column":65},"end":{"line":15,"column":5}}},"1":{"name":"(anonymous_4)","decl":{"start":{"line":16,"column":54},"end":{"line":16,"column":55}},"loc":{"start":{"line":16,"column":72},"end":{"line":19,"column":5}}},"2":{"name":"(anonymous_5)","decl":{"start":{"line":20,"column":54},"end":{"line":20,"column":55}},"loc":{"start":{"line":20,"column":64},"end":{"line":22,"column":5}}},"3":{"name":"(anonymous_6)","decl":{"start":{"line":23,"column":53},"end":{"line":23,"column":54}},"loc":{"start":{"line":23,"column":71},"end":{"line":26,"column":5}}},"4":{"name":"(anonymous_7)","decl":{"start":{"line":27,"column":56},"end":{"line":27,"column":57}},"loc":{"start":{"line":27,"column":74},"end":{"line":30,"column":5}}},"5":{"name":"(anonymous_8)","decl":{"start":{"line":31,"column":57},"end":{"line":31,"column":58}},"loc":{"start":{"line":31,"column":67},"end":{"line":34,"column":5}}}},"branchMap":{},"s":{"0":0,"1":0,"2":0,"3":0,"4":0,"5":0,"6":0,"7":0,"8":0,"9":0,"10":0,"11":0,"12":0,"13":0},"f":{"0":0,"1":0,"2":0,"3":0,"4":0,"5":0},"b":{}}
,"/Users/xingjiabin/Desktop/DreamLovely/src/blog-pc/store/index.ts": {"path":"/Users/xingjiabin/Desktop/DreamLovely/src/blog-pc/store/index.ts","statementMap":{"0":{"start":{"line":1,"column":0},"end":{"line":1,"column":36}},"1":{"start":{"line":2,"column":0},"end":{"line":2,"column":42}},"2":{"start":{"line":3,"column":0},"end":{"line":3,"column":60}},"3":{"start":{"line":4,"column":0},"end":{"line":4,"column":56}},"4":{"start":{"line":7,"column":23},"end":{"line":7,"column":45}},"5":{"start":{"line":9,"column":0},"end":{"line":13,"column":2}},"6":{"start":{"line":10,"column":16},"end":{"line":10,"column":75}},"7":{"start":{"line":11,"column":2},"end":{"line":11,"column":31}},"8":{"start":{"line":12,"column":2},"end":{"line":12,"column":15}}},"fnMap":{"0":{"name":"(anonymous_1)","decl":{"start":{"line":9,"column":15},"end":{"line":9,"column":null}},"loc":{"start":{"line":9,"column":15},"end":{"line":13,"column":1}}}},"branchMap":{},"s":{"0":0,"1":0,"2":0,"3":0,"4":0,"5":0,"6":0,"7":0,"8":0},"f":{"0":0},"b":{}}
,"/Users/xingjiabin/Desktop/DreamLovely/src/blog-pc/utils/index.ts": {"path":"/Users/xingjiabin/Desktop/DreamLovely/src/blog-pc/utils/index.ts","statementMap":{"0":{"start":{"line":1,"column":0},"end":{"line":1,"column":37}},"1":{"start":{"line":3,"column":34},"end":{"line":3,"column":55}},"2":{"start":{"line":4,"column":13},"end":{"line":4,"column":53}},"3":{"start":{"line":5,"column":0},"end":{"line":5,"column":48}},"4":{"start":{"line":6,"column":13},"end":{"line":11,"column":2}},"5":{"start":{"line":10,"column":2},"end":{"line":10,"column":79}},"6":{"start":{"line":13,"column":13},"end":{"line":18,"column":2}},"7":{"start":{"line":17,"column":2},"end":{"line":17,"column":56}},"8":{"start":{"line":20,"column":13},"end":{"line":34,"column":2}},"9":{"start":{"line":26,"column":2},"end":{"line":33,"column":14}},"10":{"start":{"line":36,"column":13},"end":{"line":48,"column":2}},"11":{"start":{"line":40,"column":2},"end":{"line":47,"column":4}},"12":{"start":{"line":45,"column":6},"end":{"line":45,"column":65}},"13":{"start":{"line":51,"column":13},"end":{"line":55,"column":2}},"14":{"start":{"line":52,"column":2},"end":{"line":52,"column":87}},"15":{"start":{"line":58,"column":19},"end":{"line":58,"column":40}},"16":{"start":{"line":59,"column":17},"end":{"line":59,"column":42}},"17":{"start":{"line":61,"column":2},"end":{"line":71,"column":null}},"18":{"start":{"line":62,"column":4},"end":{"line":62,"column":46}},"19":{"start":{"line":63,"column":4},"end":{"line":63,"column":59}},"20":{"start":{"line":64,"column":4},"end":{"line":64,"column":60}},"21":{"start":{"line":65,"column":4},"end":{"line":70,"column":25}},"22":{"start":{"line":72,"column":2},"end":{"line":72,"column":28}},"23":{"start":{"line":57,"column":0},"end":{"line":57,"column":16}}},"fnMap":{"0":{"name":"(anonymous_1)","decl":{"start":{"line":6,"column":40},"end":{"line":6,"column":null}},"loc":{"start":{"line":8,"column":18},"end":{"line":11,"column":1}}},"1":{"name":"(anonymous_2)","decl":{"start":{"line":13,"column":41},"end":{"line":13,"column":null}},"loc":{"start":{"line":15,"column":19},"end":{"line":18,"column":1}}},"2":{"name":"(anonymous_3)","decl":{"start":{"line":20,"column":27},"end":{"line":20,"column":null}},"loc":{"start":{"line":24,"column":20},"end":{"line":34,"column":1}}},"3":{"name":"(anonymous_4)","decl":{"start":{"line":36,"column":32},"end":{"line":36,"column":33}},"loc":{"start":{"line":36,"column":44},"end":{"line":48,"column":1}}},"4":{"name":"toSolidBytes","decl":{"start":{"line":41,"column":64},"end":{"line":41,"column":76}},"loc":{"start":{"line":43,"column":8},"end":{"line":46,"column":5}}},"5":{"name":"(anonymous_6)","decl":{"start":{"line":51,"column":39},"end":{"line":51,"column":40}},"loc":{"start":{"line":51,"column":75},"end":{"line":55,"column":1}}},"6":{"name":"getLocalTimezone","decl":{"start":{"line":57,"column":16},"end":{"line":57,"column":32}},"loc":{"start":{"line":57,"column":32},"end":{"line":73,"column":1}}}},"branchMap":{"0":{"loc":{"start":{"line":31,"column":6},"end":{"line":31,"column":15}},"type":"binary-expr","locations":[{"start":{"line":31,"column":6},"end":{"line":31,"column":15}},{"start":{"line":31,"column":19},"end":{"line":31,"column":34}}]},"1":{"loc":{"start":{"line":61,"column":2},"end":{"line":71,"column":null}},"type":"if","locations":[{"start":{"line":61,"column":2},"end":{"line":71,"column":null}},{"start":{"line":61,"column":2},"end":{"line":71,"column":null}}]},"2":{"loc":{"start":{"line":61,"column":6},"end":{"line":61,"column":37}},"type":"binary-expr","locations":[{"start":{"line":61,"column":6},"end":{"line":61,"column":37}},{"start":{"line":61,"column":41},"end":{"line":61,"column":72}}]}},"s":{"0":0,"1":0,"2":0,"3":0,"4":0,"5":0,"6":0,"7":0,"8":0,"9":0,"10":0,"11":0,"12":0,"13":0,"14":0,"15":0,"16":0,"17":0,"18":0,"19":0,"20":0,"21":0,"22":0,"23":0},"f":{"0":0,"1":0,"2":0,"3":0,"4":0,"5":0,"6":0},"b":{"0":[0,0],"1":[0,0],"2":[0,0]}}
}
